Apr 24 17:37:19 Updated: libgcc-4.8.5-36.el7_6.1.x86_64
Apr 24 17:37:20 Updated: 1:grub2-common-2.02-0.76.el7.centos.1.noarch
Apr 24 17:37:20 Updated: 1:grub2-pc-modules-2.02-0.76.el7.centos.1.noarch
Apr 24 17:37:20 Updated: 32:bind-license-9.9.4-73.el7_6.noarch
Apr 24 17:37:22 Updated: tzdata-2019a-1.el7.noarch
Apr 24 17:37:28 Updated: glibc-common-2.17-260.el7_6.4.x86_64
Apr 24 17:37:28 Updated: glibc-2.17-260.el7_6.4.x86_64
Apr 24 17:37:29 Updated: systemd-libs-219-62.el7_6.5.x86_64
Apr 24 17:37:29 Updated: nss-util-3.36.0-1.1.el7_6.x86_64
Apr 24 17:37:29 Updated: libuuid-2.23.2-59.el7_6.1.x86_64
Apr 24 17:37:29 Updated: libblkid-2.23.2-59.el7_6.1.x86_64
Apr 24 17:37:29 Updated: krb5-libs-1.15.1-37.el7_6.x86_64
Apr 24 17:37:29 Updated: 1:openssl-libs-1.0.2k-16.el7_6.1.x86_64
Apr 24 17:37:30 Updated: 2:shadow-utils-4.1.5.1-25.el7_6.1.x86_64
Apr 24 17:37:32 Updated: python-libs-2.7.5-77.el7_6.x86_64
Apr 24 17:37:33 Updated: python-2.7.5-77.el7_6.x86_64
Apr 24 17:37:33 Updated: libmount-2.23.2-59.el7_6.1.x86_64
Apr 24 17:37:33 Updated: python-perf-3.10.0-957.10.1.el7.x86_64
Apr 24 17:37:33 Updated: nss-sysinit-3.36.0-7.1.el7_6.x86_64
Apr 24 17:37:33 Updated: nss-3.36.0-7.1.el7_6.x86_64
Apr 24 17:37:33 Updated: nss-pem-1.0.3-5.el7_6.1.x86_64
Apr 24 17:37:34 Updated: 1:NetworkManager-libnm-1.12.0-10.el7_6.x86_64
Apr 24 17:37:34 Updated: nss-tools-3.36.0-7.1.el7_6.x86_64
Apr 24 17:37:34 Updated: 1:dbus-libs-1.10.24-13.el7_6.x86_64
Apr 24 17:37:37 Updated: systemd-219-62.el7_6.5.x86_64
Apr 24 17:37:37 Updated: 1:dbus-1.10.24-13.el7_6.x86_64
Apr 24 17:37:37 Updated: polkit-0.112-18.el7_6.1.x86_64
Apr 24 17:37:38 Updated: 1:NetworkManager-1.12.0-10.el7_6.x86_64
Apr 24 17:37:38 Updated: cronie-anacron-1.4.11-20.el7_6.x86_64
Apr 24 17:37:38 Updated: cronie-1.4.11-20.el7_6.x86_64
Apr 24 17:37:38 Updated: libsmartcols-2.23.2-59.el7_6.1.x86_64
Apr 24 17:37:39 Updated: util-linux-2.23.2-59.el7_6.1.x86_64
Apr 24 17:37:39 Updated: policycoreutils-2.5-29.el7_6.1.x86_64
Apr 24 17:37:39 Updated: 7:device-mapper-libs-1.02.149-10.el7_6.3.x86_64
Apr 24 17:37:40 Updated: 7:device-mapper-1.02.149-10.el7_6.3.x86_64
Apr 24 17:37:40 Updated: 7:device-mapper-event-libs-1.02.149-10.el7_6.3.x86_64
Apr 24 17:37:40 Updated: 1:grub2-tools-minimal-2.02-0.76.el7.centos.1.x86_64
Apr 24 17:37:40 Updated: 1:grub2-tools-2.02-0.76.el7.centos.1.x86_64
Apr 24 17:37:40 Updated: 7:device-mapper-event-1.02.149-10.el7_6.3.x86_64
Apr 24 17:37:41 Updated: 7:lvm2-libs-2.02.180-10.el7_6.3.x86_64
Apr 24 17:37:51 Updated: selinux-policy-3.13.1-229.el7_6.9.noarch
Apr 24 17:37:51 Updated: freetype-2.8-12.el7_6.1.x86_64
Apr 24 17:37:51 Updated: 1:grub2-tools-extra-2.02-0.76.el7.centos.1.x86_64
Apr 24 17:37:51 Updated: 1:grub2-pc-2.02-0.76.el7.centos.1.x86_64
Apr 24 17:37:52 Updated: kernel-tools-libs-3.10.0-957.10.1.el7.x86_64
Apr 24 17:37:52 Updated: ipset-libs-6.38-3.el7_6.x86_64
Apr 24 17:37:52 Updated: ipset-6.38-3.el7_6.x86_64
Apr 24 17:37:52 Updated: kernel-tools-3.10.0-957.10.1.el7.x86_64
Apr 24 17:37:52 Updated: 1:grub2-2.02-0.76.el7.centos.1.x86_64
Apr 24 17:38:07 Updated: selinux-policy-targeted-3.13.1-229.el7_6.9.noarch
Apr 24 17:38:08 Updated: 7:lvm2-2.02.180-10.el7_6.3.x86_64
Apr 24 17:38:08 Updated: tuned-2.10.0-6.el7_6.3.noarch
Apr 24 17:38:09 Updated: 1:NetworkManager-tui-1.12.0-10.el7_6.x86_64
Apr 24 17:38:09 Updated: 1:NetworkManager-team-1.12.0-10.el7_6.x86_64
Apr 24 17:38:09 Updated: systemd-sysv-219-62.el7_6.5.x86_64
Apr 24 17:38:09 Updated: openldap-2.4.44-21.el7_6.x86_64
Apr 24 17:38:09 Updated: 1:openssl-1.0.2k-16.el7_6.1.x86_64
Apr 24 17:38:09 Updated: libssh2-1.4.3-12.el7_6.2.x86_64
Apr 24 17:38:09 Updated: 32:bind-libs-lite-9.9.4-73.el7_6.x86_64
Apr 24 17:38:10 Updated: xfsprogs-4.5.0-19.el7_6.x86_64
Apr 24 17:38:10 Updated: libgomp-4.8.5-36.el7_6.1.x86_64
Apr 24 17:38:10 Updated: libstdc++-4.8.5-36.el7_6.1.x86_64
Apr 24 17:38:18 Installed: kernel-3.10.0-957.10.1.el7.x86_64
Apr 24 17:39:53 Installed: 1:perl-parent-0.225-244.el7.noarch
Apr 24 17:39:53 Installed: perl-HTTP-Tiny-0.033-3.el7.noarch
Apr 24 17:39:53 Installed: perl-podlators-2.5.1-3.el7.noarch
Apr 24 17:39:53 Installed: perl-Pod-Perldoc-3.20-4.el7.noarch
Apr 24 17:39:53 Installed: 1:perl-Pod-Escapes-1.04-294.el7_6.noarch
Apr 24 17:39:53 Installed: perl-Text-ParseWords-3.29-4.el7.noarch
Apr 24 17:39:54 Installed: perl-Encode-2.51-7.el7.x86_64
Apr 24 17:39:54 Installed: perl-Pod-Usage-1.63-3.el7.noarch
Apr 24 17:39:54 Installed: 4:perl-libs-5.16.3-294.el7_6.x86_64
Apr 24 17:39:54 Installed: 4:perl-macros-5.16.3-294.el7_6.x86_64
Apr 24 17:39:54 Installed: perl-Storable-2.45-3.el7.x86_64
Apr 24 17:39:54 Installed: perl-Exporter-5.68-3.el7.noarch
Apr 24 17:39:54 Installed: perl-constant-1.27-2.el7.noarch
Apr 24 17:39:54 Installed: perl-Time-Local-1.2300-2.el7.noarch
Apr 24 17:39:54 Installed: perl-Carp-1.26-244.el7.noarch
Apr 24 17:39:54 Installed: 4:perl-Time-HiRes-1.9725-3.el7.x86_64
Apr 24 17:39:54 Installed: perl-PathTools-3.40-5.el7.x86_64
Apr 24 17:39:54 Installed: perl-Scalar-List-Utils-1.27-248.el7.x86_64
Apr 24 17:39:54 Installed: perl-File-Temp-0.23.01-3.el7.noarch
Apr 24 17:39:54 Installed: perl-File-Path-2.09-2.el7.noarch
Apr 24 17:39:54 Installed: perl-threads-shared-1.43-6.el7.x86_64
Apr 24 17:39:54 Installed: perl-threads-1.87-4.el7.x86_64
Apr 24 17:39:54 Installed: perl-Filter-1.49-3.el7.x86_64
Apr 24 17:39:55 Installed: perl-Socket-2.010-4.el7.x86_64
Apr 24 17:39:55 Installed: 1:perl-Pod-Simple-3.28-4.el7.noarch
Apr 24 17:39:55 Installed: perl-Getopt-Long-2.40-3.el7.noarch
Apr 24 17:39:57 Installed: 4:perl-5.16.3-294.el7_6.x86_64
Apr 24 17:39:57 Installed: gpm-libs-1.20.7-5.el7.x86_64
Apr 24 17:39:58 Installed: 1:mc-4.8.7-11.el7.x86_64
Apr 24 17:57:46 Installed: mpfr-3.1.1-4.el7.x86_64
Apr 24 17:57:46 Installed: libmpc-1.0.1-3.el7.x86_64
Apr 24 17:57:46 Installed: zlib-devel-1.2.7-18.el7.x86_64
Apr 24 17:57:47 Installed: m4-1.4.16-10.el7.x86_64
Apr 24 17:57:48 Installed: cpp-4.8.5-36.el7_6.1.x86_64
Apr 24 17:57:48 Installed: libkadm5-1.15.1-37.el7_6.x86_64
Apr 24 17:57:48 Installed: libsepol-devel-2.5-10.el7.x86_64
Apr 24 17:57:50 Installed: kernel-headers-3.10.0-957.10.1.el7.x86_64
Apr 24 17:57:50 Installed: glibc-headers-2.17-260.el7_6.4.x86_64
Apr 24 17:57:50 Installed: glibc-devel-2.17-260.el7_6.4.x86_64
Apr 24 17:57:51 Installed: libverto-devel-0.2.5-4.el7.x86_64
Apr 24 17:57:51 Installed: libcom_err-devel-1.42.9-13.el7.x86_64
Apr 24 17:57:51 Installed: pcre-devel-8.32-17.el7.x86_64
Apr 24 17:57:51 Installed: libselinux-devel-2.5-14.1.el7.x86_64
Apr 24 17:57:51 Installed: keyutils-libs-devel-1.5.8-3.el7.x86_64
Apr 24 17:57:51 Installed: krb5-devel-1.15.1-37.el7_6.x86_64
Apr 24 17:57:53 Installed: 1:openssl-devel-1.0.2k-16.el7_6.1.x86_64
Apr 24 17:57:55 Installed: gcc-4.8.5-36.el7_6.1.x86_64
Apr 24 17:57:55 Installed: flex-2.5.37-6.el7.x86_64
Apr 24 17:57:55 Installed: bison-3.0.4-2.el7.x86_64
Apr 24 17:57:55 Installed: elfutils-libelf-devel-0.172-2.el7.x86_64
Apr 24 17:57:56 Installed: ncurses-devel-5.9-14.20130511.el7_4.x86_64
Apr 24 17:57:56 Installed: bc-1.06.95-13.el7.x86_64
Apr 24 17:58:32 Installed: wget-1.14-18.el7.x86_64
